
> my-project@0.1.0 build
> next build

▲ Next.js 16.1.6 (Turbopack)
- Environments: .env.local

  Creating an optimized production build ...
✓ Compiled successfully in 5.0s
  Running TypeScript ...
  Collecting page data using 7 workers ...
  Generating static pages using 7 workers (0/14) ...
  Generating static pages using 7 workers (3/14) 
  Generating static pages using 7 workers (6/14) 
  Generating static pages using 7 workers (10/14) 
✓ Generating static pages using 7 workers (14/14) in 968.9ms
  Finalizing page optimization ...

Route (app)
┌ ○ /
├ ○ /_not-found
├ ƒ /api/edit-queries
├ ƒ /api/generate-queries
├ ƒ /api/search
├ ○ /blog
├ ● /blog/[slug]
│ ├ /blog/b2b-leads-without-paid-ads
│ └ /blog/linkedin-sales-navigator-alternatives
├ ○ /dashboard
├ ○ /privacy
├ ○ /robots.txt
├ ○ /sitemap.xml
└ ○ /terms


○  (Static)   prerendered as static content
●  (SSG)      prerendered as static HTML (uses generateStaticParams)
ƒ  (Dynamic)  server-rendered on demand

